<?xml version="1.0" encoding="UTF-8"?>
<testng-results ignored="0" total="6" passed="6" failed="0" skipped="0">
  <reporter-output>
  </reporter-output>
  <suite started-at="2022-07-13T22:09:36 IST" name="Default suite" finished-at="2022-07-13T22:10:22 IST" duration-ms="45624">
    <groups>
    </groups>
    <test started-at="2022-07-13T22:09:36 IST" name="Default test" finished-at="2022-07-13T22:10:22 IST" duration-ms="45624">
      <class name="com.guru99.test.HomepageTest">
        <test-method is-config="true" signature="launch()[pri:0, instance:com.guru99.test.HomepageTest@a2431d0]" started-at="2022-07-13T22:09:36 IST" name="launch" finished-at="2022-07-13T22:10:06 IST" duration-ms="29658" status="PASS">
          <reporter-output>
          </reporter-output>
        </test-method> <!-- launch -->
        <test-method signature="elementsDisplayed()[pri:0, instance:com.guru99.test.HomepageTest@a2431d0]" started-at="2022-07-13T22:10:06 IST" name="elementsDisplayed" finished-at="2022-07-13T22:10:07 IST" duration-ms="567" status="PASS">
          <reporter-output>
          </reporter-output>
        </test-method> <!-- elementsDisplayed -->
        <test-method signature="validateReqQuotBtn()[pri:1, instance:com.guru99.test.HomepageTest@a2431d0]" started-at="2022-07-13T22:10:07 IST" name="validateReqQuotBtn" finished-at="2022-07-13T22:10:09 IST" duration-ms="2650" status="PASS">
          <reporter-output>
          </reporter-output>
        </test-method> <!-- validateReqQuotBtn -->
        <test-method signature="validateRetQuotBtn()[pri:2, instance:com.guru99.test.HomepageTest@a2431d0]" started-at="2022-07-13T22:10:09 IST" name="validateRetQuotBtn" finished-at="2022-07-13T22:10:12 IST" duration-ms="2074" status="PASS">
          <reporter-output>
          </reporter-output>
        </test-method> <!-- validateRetQuotBtn -->
        <test-method signature="validateReqProfileBtn()[pri:3, instance:com.guru99.test.HomepageTest@a2431d0]" started-at="2022-07-13T22:10:12 IST" name="validateReqProfileBtn" finished-at="2022-07-13T22:10:14 IST" duration-ms="2091" status="PASS">
          <reporter-output>
          </reporter-output>
        </test-method> <!-- validateReqProfileBtn -->
        <test-method signature="validateEditProfileBtn()[pri:4, instance:com.guru99.test.HomepageTest@a2431d0]" started-at="2022-07-13T22:10:14 IST" name="validateEditProfileBtn" finished-at="2022-07-13T22:10:16 IST" duration-ms="2089" status="PASS">
          <reporter-output>
          </reporter-output>
        </test-method> <!-- validateEditProfileBtn -->
        <test-method signature="validateLogouttBtn()[pri:5, instance:com.guru99.test.HomepageTest@a2431d0]" started-at="2022-07-13T22:10:16 IST" name="validateLogouttBtn" finished-at="2022-07-13T22:10:21 IST" duration-ms="4839" status="PASS">
          <reporter-output>
          </reporter-output>
        </test-method> <!-- validateLogouttBtn -->
        <test-method is-config="true" signature="close()[pri:0, instance:com.guru99.test.HomepageTest@a2431d0]" started-at="2022-07-13T22:10:21 IST" name="close" finished-at="2022-07-13T22:10:22 IST" duration-ms="1562" status="PASS">
          <reporter-output>
          </reporter-output>
        </test-method> <!-- close -->
      </class> <!-- com.guru99.test.HomepageTest -->
    </test> <!-- Default test -->
  </suite> <!-- Default suite -->
</testng-results>
