<?xml version="1.0" encoding="UTF-8"?>
<!-- Generated by org.testng.reporters.JUnitXMLReporter -->
<testsuite ignored="0" hostname="DESKTOP-PVBJ9N2" failures="0" tests="6" name="Default test" time="45.624" errors="0" timestamp="2022-07-13T22:10:22 IST">
  <testcase classname="com.guru99.test.HomepageTest" name="elementsDisplayed" time="0.567"/>
  <testcase classname="com.guru99.test.HomepageTest" name="validateReqQuotBtn" time="2.65"/>
  <testcase classname="com.guru99.test.HomepageTest" name="validateRetQuotBtn" time="2.074"/>
  <testcase classname="com.guru99.test.HomepageTest" name="validateReqProfileBtn" time="2.091"/>
  <testcase classname="com.guru99.test.HomepageTest" name="validateEditProfileBtn" time="2.089"/>
  <testcase classname="com.guru99.test.HomepageTest" name="validateLogouttBtn" time="4.839"/>
</testsuite> <!-- Default test -->
